<?xml version="1.0" encoding="UTF-8"?>
<robot generator="Robot 7.0 (Python 3.12.3 on win32)" generated="2024-04-16T22:28:53.466175" rpa="false" schemaversion="5">
<suite id="s1" name="Amazon Testes Gherkin Bdd" source="C:\Users\MarcelleSantos\Desktop\cursoRobotUdemy\robotFramework\WebTesting\amazon_testes_gherkin_bdd.robot">
<test id="s1-t1" name="Caso de teste 02 - Pesquisa de um Produto" line="19">
<kw name="Abrir o navegador" owner="amazon_resources" type="SETUP">
<kw name="Open Browser" owner="SeleniumLibrary">
<msg time="2024-04-16T22:28:53.615259" level="INFO">Opening browser 'chrome' to base url 'None'.</msg>
<arg>browser=${BROWSER}</arg>
<doc>Opens a new browser instance to the optional ``url``.</doc>
<status status="PASS" start="2024-04-16T22:28:53.614173" elapsed="1.491720"/>
</kw>
<kw name="Maximize Browser Window" owner="SeleniumLibrary">
<doc>Maximizes current browser window.</doc>
<status status="PASS" start="2024-04-16T22:28:55.105893" elapsed="0.123183"/>
</kw>
<status status="PASS" start="2024-04-16T22:28:53.614173" elapsed="1.614903"/>
</kw>
<kw name="Dado que estou na home page da Amazon.com.br" owner="amazon_resources">
<kw name=" Acessar a home page do site Amazon.com.br" owner="amazon_resources">
<kw name="Go To" owner="SeleniumLibrary">
<msg time="2024-04-16T22:28:55.231122" level="INFO">Opening url 'http://www.amazon.com.br'</msg>
<arg>url=${URL}</arg>
<doc>Navigates the current browser window to the provided ``url``.</doc>
<status status="PASS" start="2024-04-16T22:28:55.231122" elapsed="1.015661"/>
</kw>
<kw name="Wait Until Element Is Visible" owner="SeleniumLibrary">
<arg>locator=${MENU_LIVROS}</arg>
<doc>Waits until the element ``locator`` is visible.</doc>
<status status="PASS" start="2024-04-16T22:28:56.246783" elapsed="7.016985"/>
</kw>
<status status="PASS" start="2024-04-16T22:28:55.230077" elapsed="8.033691"/>
</kw>
<status status="PASS" start="2024-04-16T22:28:55.230077" elapsed="8.033691"/>
</kw>
<kw name="Quando pesquisar pelo produto &quot;Xbox Series S&quot;" owner="amazon_resources">
<kw name="Digitar o nome de produto &quot;Xbox Series S&quot; no campo de pesquisa" owner="amazon_resources" source_name="Digitar o nome de produto &quot;${PRODUTO}&quot; no campo de pesquisa">
<kw name="Input Text" owner="SeleniumLibrary">
<msg time="2024-04-16T22:29:03.267043" level="INFO">Typing text '"Xbox Series S"' into text field 'twotabsearchtextbox'.</msg>
<arg>locator=twotabsearchtextbox</arg>
<arg>text="${PRODUTO}"</arg>
<doc>Types the given ``text`` into the text field identified by ``locator``.</doc>
<status status="PASS" start="2024-04-16T22:29:03.267043" elapsed="0.163095"/>
</kw>
<status status="PASS" start="2024-04-16T22:29:03.266039" elapsed="0.164099"/>
</kw>
<kw name="Clicar no botão de pesquisa" owner="amazon_resources">
<kw name="Click Element" owner="SeleniumLibrary">
<msg time="2024-04-16T22:29:03.431135" level="INFO">Clicking element 'nav-search-submit-button'.</msg>
<arg>locator=nav-search-submit-button</arg>
<doc>Click the element identified by ``locator``.</doc>
<status status="PASS" start="2024-04-16T22:29:03.430138" elapsed="1.344547"/>
</kw>
<status status="PASS" start="2024-04-16T22:29:03.430138" elapsed="1.344547"/>
</kw>
<status status="PASS" start="2024-04-16T22:29:03.265028" elapsed="1.510657"/>
</kw>
<kw name="Então o título da página deve ficar &quot;Amazon.com.br : Xbox Series S&quot;" owner="amazon_resources">
<kw name="Verificar se o título da página fica &quot;Amazon.com.br : &quot;Xbox Series S&quot;&quot;" owner="amazon_resources" source_name="Verificar se o título da página fica &quot;${TITULO}&quot;">
<kw name="Title Should Be" owner="SeleniumLibrary">
<msg time="2024-04-16T22:29:04.785735" level="INFO">Page title is 'Amazon.com.br : "Xbox Series S"'.</msg>
<arg>title=${TITULO}</arg>
<doc>Verifies that the current page title equals ``title``.</doc>
<status status="PASS" start="2024-04-16T22:29:04.776682" elapsed="0.009053"/>
</kw>
<status status="PASS" start="2024-04-16T22:29:04.776682" elapsed="0.009053"/>
</kw>
<status status="PASS" start="2024-04-16T22:29:04.775685" elapsed="0.010050"/>
</kw>
<kw name="E um produto da linha &quot;Xbox Series S&quot; deve ser mostrado na página" owner="amazon_resources">
<kw name="Verificar o resultado da pesquisa, listando o produto &quot;Console Xbox Series S&quot;" owner="amazon_resources" source_name="Verificar o resultado da pesquisa, listando o produto &quot;${PRODUTO}&quot;">
<kw name="Wait Until Element Is Visible" owner="SeleniumLibrary">
<arg>locator=(//span[contains(.,'${PRODUTO}')])[3]</arg>
<doc>Waits until the element ``locator`` is visible.</doc>
<status status="PASS" start="2024-04-16T22:29:04.787685" elapsed="0.032009"/>
</kw>
<status status="PASS" start="2024-04-16T22:29:04.786803" elapsed="0.032891"/>
</kw>
<status status="PASS" start="2024-04-16T22:29:04.786803" elapsed="0.032891"/>
</kw>
<kw name="Fechar o navegador" owner="amazon_resources" type="TEARDOWN">
<kw name="Capture Page Screenshot" owner="SeleniumLibrary">
<msg time="2024-04-16T22:29:05.011965" level="INFO" html="true">&lt;/td&gt;&lt;/tr&gt;&lt;tr&gt;&lt;td colspan="3"&gt;&lt;a href="selenium-screenshot-16.png"&gt;&lt;img src="selenium-screenshot-16.png" width="800px"&gt;&lt;/a&gt;</msg>
<doc>Takes a screenshot of the current page and embeds it into a log file.</doc>
<status status="PASS" start="2024-04-16T22:29:04.820686" elapsed="0.191279"/>
</kw>
<kw name="Close Browser" owner="SeleniumLibrary">
<doc>Closes the current browser.</doc>
<status status="PASS" start="2024-04-16T22:29:05.011965" elapsed="2.175796"/>
</kw>
<status status="PASS" start="2024-04-16T22:29:04.820686" elapsed="2.367075"/>
</kw>
<doc>Esse teste verifica a busca de um produto</doc>
<tag>busca_produtos</tag>
<status status="PASS" start="2024-04-16T22:28:53.614173" elapsed="13.574481"/>
</test>
<doc>Essa suíte testa o site da Amazon.com.br</doc>
<status status="PASS" start="2024-04-16T22:28:53.467163" elapsed="13.721491"/>
</suite>
<statistics>
<total>
<stat pass="1" fail="0" skip="0">All Tests</stat>
</total>
<tag>
<stat pass="1" fail="0" skip="0">busca_produtos</stat>
</tag>
<suite>
<stat pass="1" fail="0" skip="0" id="s1" name="Amazon Testes Gherkin Bdd">Amazon Testes Gherkin Bdd</stat>
</suite>
</statistics>
<errors>
</errors>
</robot>
