<?xml version="1.0" encoding="UTF-8"?>
<robot generator="Robot 7.0 (Python 3.12.3 on win32)" generated="2024-04-17T19:52:56.920386" rpa="false" schemaversion="5">
<suite id="s1" name="ExemplosTiposVariaveis" source="C:\Users\MarcelleSantos\Desktop\cursoRobotUdemy\robotFramework\VariaveisEscoposArgumentos\ExemplosTiposVariaveis.robot">
<test id="s1-t1" name="Caso de teste de exemplo 01" line="14">
<kw name="Uma keyword qualquer 01">
<kw name="Log" owner="BuiltIn">
<msg time="2024-04-17T19:52:56.978161" level="INFO">Vamos ver os tipos de variáveis no robot!</msg>
<arg>${SIMPLES}</arg>
<doc>Logs the given message with the given level.</doc>
<status status="PASS" start="2024-04-17T19:52:56.978161" elapsed="0.000000"/>
</kw>
<kw name="Log" owner="BuiltIn">
<msg time="2024-04-17T19:52:56.979161" level="INFO">Essa tem que ser maça: maça e essa tem que ser morango: morango</msg>
<arg>Essa tem que ser maça: ${FRUTAS[2]} e essa tem que ser morango: ${FRUTAS[0]}</arg>
<doc>Logs the given message with the given level.</doc>
<status status="PASS" start="2024-04-17T19:52:56.978161" elapsed="0.001000"/>
</kw>
<kw name="Log" owner="BuiltIn">
<msg time="2024-04-17T19:52:56.979161" level="INFO">Nome: May Fernandes e email: mayfernandes@exemplo.com.br</msg>
<arg>Nome: ${PESSOA.nome} e email: ${PESSOA.email}</arg>
<doc>Logs the given message with the given level.</doc>
<status status="PASS" start="2024-04-17T19:52:56.979161" elapsed="0.000000"/>
</kw>
<status status="PASS" start="2024-04-17T19:52:56.977161" elapsed="0.002000"/>
</kw>
<status status="PASS" start="2024-04-17T19:52:56.977161" elapsed="0.003001"/>
</test>
<doc>Exemplo de tipos de variáveis: SIMPLES, LISTAS e DICIONÁRIOS</doc>
<status status="PASS" start="2024-04-17T19:52:56.922384" elapsed="0.057778"/>
</suite>
<statistics>
<total>
<stat pass="1" fail="0" skip="0">All Tests</stat>
</total>
<tag>
</tag>
<suite>
<stat pass="1" fail="0" skip="0" id="s1" name="ExemplosTiposVariaveis">ExemplosTiposVariaveis</stat>
</suite>
</statistics>
<errors>
<msg time="2024-04-17T19:52:56.909424" level="WARN">Error in file 'C:\Users\MarcelleSantos\Desktop\cursoRobotUdemy\robotFramework\VariaveisEscoposArgumentos\ExemplosTiposVariaveis.robot' on line 3: Singular section headers like '*** Variable ***' are deprecated. Use plural format like '*** Variables ***' instead.</msg>
</errors>
</robot>
