<?xml version="1.0" encoding="UTF-8"?>
<robot generator="Robot 7.0 (Python 3.12.3 on win32)" generated="2024-04-16T22:48:48.596117" rpa="false" schemaversion="5">
<suite id="s1" name="Amazon Testes" source="C:\Users\MarcelleSantos\Desktop\cursoRobotUdemy\robotFramework\WebTesting\amazon_testes.robot">
<test id="s1-t1" name="Caso de Teste 03 - Adicionar Produto no Carrinho" line="27">
<kw name="Abrir o navegador" owner="amazon_resources" type="SETUP">
<kw name="Open Browser" owner="SeleniumLibrary">
<msg time="2024-04-16T22:48:48.734851" level="INFO">Opening browser 'chrome' to base url 'None'.</msg>
<arg>browser=${BROWSER}</arg>
<doc>Opens a new browser instance to the optional ``url``.</doc>
<status status="PASS" start="2024-04-16T22:48:48.734851" elapsed="1.452511"/>
</kw>
<kw name="Maximize Browser Window" owner="SeleniumLibrary">
<doc>Maximizes current browser window.</doc>
<status status="PASS" start="2024-04-16T22:48:50.187362" elapsed="0.127434"/>
</kw>
<status status="PASS" start="2024-04-16T22:48:48.733737" elapsed="1.581059"/>
</kw>
<kw name=" Acessar a home page do site Amazon.com.br" owner="amazon_resources">
<kw name="Go To" owner="SeleniumLibrary">
<msg time="2024-04-16T22:48:50.315933" level="INFO">Opening url 'http://www.amazon.com.br'</msg>
<arg>url=${URL}</arg>
<doc>Navigates the current browser window to the provided ``url``.</doc>
<status status="PASS" start="2024-04-16T22:48:50.315933" elapsed="1.204001"/>
</kw>
<kw name="Wait Until Element Is Visible" owner="SeleniumLibrary">
<arg>locator=${MENU_LIVROS}</arg>
<doc>Waits until the element ``locator`` is visible.</doc>
<status status="PASS" start="2024-04-16T22:48:51.520968" elapsed="7.274754"/>
</kw>
<status status="PASS" start="2024-04-16T22:48:50.315933" elapsed="8.479789"/>
</kw>
<kw name="Digitar o nome de produto &quot;Xbox Series S&quot; no campo de pesquisa" owner="amazon_resources" source_name="Digitar o nome de produto &quot;${PRODUTO}&quot; no campo de pesquisa">
<kw name="Input Text" owner="SeleniumLibrary">
<msg time="2024-04-16T22:48:58.797719" level="INFO">Typing text '"Xbox Series S"' into text field 'twotabsearchtextbox'.</msg>
<arg>locator=twotabsearchtextbox</arg>
<arg>text="${PRODUTO}"</arg>
<doc>Types the given ``text`` into the text field identified by ``locator``.</doc>
<status status="PASS" start="2024-04-16T22:48:58.796719" elapsed="0.144869"/>
</kw>
<status status="PASS" start="2024-04-16T22:48:58.796719" elapsed="0.144869"/>
</kw>
<kw name="Clicar no botão de pesquisa" owner="amazon_resources">
<kw name="Click Element" owner="SeleniumLibrary">
<msg time="2024-04-16T22:48:58.942586" level="INFO">Clicking element 'nav-search-submit-button'.</msg>
<arg>locator=nav-search-submit-button</arg>
<doc>Click the element identified by ``locator``.</doc>
<status status="PASS" start="2024-04-16T22:48:58.942586" elapsed="1.264056"/>
</kw>
<status status="PASS" start="2024-04-16T22:48:58.942586" elapsed="1.264056"/>
</kw>
<kw name="Verificar o resultado da pesquisa se está listando o produto &quot;Console Xbox Series S&quot;" owner="amazon_resources">
<kw name="Verificar o resultado da pesquisa, listando o produto &quot;Amazon.com.br : Xbox Series S&quot;" owner="amazon_resources" source_name="Verificar o resultado da pesquisa, listando o produto &quot;${PRODUTO}&quot;">
<kw name="Wait Until Element Is Visible" owner="SeleniumLibrary">
<msg time="2024-04-16T22:49:05.503349" level="INFO" html="true">&lt;/td&gt;&lt;/tr&gt;&lt;tr&gt;&lt;td colspan="3"&gt;&lt;a href="selenium-screenshot-5.png"&gt;&lt;img src="selenium-screenshot-5.png" width="800px"&gt;&lt;/a&gt;</msg>
<msg time="2024-04-16T22:49:05.503349" level="FAIL">Element '(//span[contains(.,'Amazon.com.br : Xbox Series S')])[3]' not visible after 5 seconds.</msg>
<arg>locator=(//span[contains(.,'${PRODUTO}')])[3]</arg>
<doc>Waits until the element ``locator`` is visible.</doc>
<status status="FAIL" start="2024-04-16T22:49:00.208640" elapsed="5.295805">Element '(//span[contains(.,'Amazon.com.br : Xbox Series S')])[3]' not visible after 5 seconds.</status>
</kw>
<status status="FAIL" start="2024-04-16T22:49:00.208640" elapsed="5.295805">Element '(//span[contains(.,'Amazon.com.br : Xbox Series S')])[3]' not visible after 5 seconds.</status>
</kw>
<status status="FAIL" start="2024-04-16T22:49:00.207641" elapsed="5.296804">Element '(//span[contains(.,'Amazon.com.br : Xbox Series S')])[3]' not visible after 5 seconds.</status>
</kw>
<kw name="Adicionar o produto &quot;Console Xbox Series S&quot; no carrinho" owner="amazon_resources">
<status status="NOT RUN" start="2024-04-16T22:49:05.505345" elapsed="0.000000"/>
</kw>
<kw name="Verificar se o produto &quot;Console Xbox Series S&quot; foi adicionado com sucesso" owner="amazon_resources">
<status status="NOT RUN" start="2024-04-16T22:49:05.506344" elapsed="0.000000"/>
</kw>
<kw name="Fechar o navegador" owner="amazon_resources" type="TEARDOWN">
<kw name="Capture Page Screenshot" owner="SeleniumLibrary">
<msg time="2024-04-16T22:49:05.658531" level="INFO" html="true">&lt;/td&gt;&lt;/tr&gt;&lt;tr&gt;&lt;td colspan="3"&gt;&lt;a href="selenium-screenshot-6.png"&gt;&lt;img src="selenium-screenshot-6.png" width="800px"&gt;&lt;/a&gt;</msg>
<doc>Takes a screenshot of the current page and embeds it into a log file.</doc>
<status status="PASS" start="2024-04-16T22:49:05.506344" elapsed="0.152187"/>
</kw>
<kw name="Close Browser" owner="SeleniumLibrary">
<doc>Closes the current browser.</doc>
<status status="PASS" start="2024-04-16T22:49:05.658531" elapsed="2.162953"/>
</kw>
<status status="PASS" start="2024-04-16T22:49:05.506344" elapsed="2.315140"/>
</kw>
<doc>Esse teste verifica a adição de um produto no carrinho de compras</doc>
<tag>adicionar_carrinho</tag>
<status status="FAIL" start="2024-04-16T22:48:48.733737" elapsed="19.087747">Element '(//span[contains(.,'Amazon.com.br : Xbox Series S')])[3]' not visible after 5 seconds.</status>
</test>
<doc>Essa suíte testa o site da Amazon.com.br</doc>
<status status="FAIL" start="2024-04-16T22:48:48.597094" elapsed="19.225508"/>
</suite>
<statistics>
<total>
<stat pass="0" fail="1" skip="0">All Tests</stat>
</total>
<tag>
<stat pass="0" fail="1" skip="0">adicionar_carrinho</stat>
</tag>
<suite>
<stat pass="0" fail="1" skip="0" id="s1" name="Amazon Testes">Amazon Testes</stat>
</suite>
</statistics>
<errors>
</errors>
</robot>
