<?xml version="1.0" encoding="UTF-8"?>
<robot generator="Robot 7.0 (Python 3.12.3 on win32)" generated="2024-04-21T00:36:39.407500" rpa="false" schemaversion="5">
<suite id="s1" name="Api Testing Usuarios" source="c:\Users\MarcelleSantos\Desktop\cursoRobotUdemy\api_testing\resource\tests\api_testing_usuarios.robot">
<test id="s1-t1" name="Cenário 04: Logar com o novo usuário criado" line="21">
<kw name="Criar um usuário novo" owner="api_testing_usuarios">
<kw name="Generate Random String" owner="String">
<msg time="2024-04-21T00:36:39.564796" level="INFO">${palavra_aleatoria} = TMMx</msg>
<var>${palavra_aleatoria}</var>
<arg>length=4</arg>
<arg>chars=[LETTERS]</arg>
<doc>Generates a string with a desired ``length`` from the given ``chars``.</doc>
<status status="PASS" start="2024-04-21T00:36:39.564796" elapsed="0.003636"/>
</kw>
<kw name="Convert To Lower Case" owner="String">
<msg time="2024-04-21T00:36:39.568432" level="INFO">${palavra_aleatoria} = tmmx</msg>
<var>${palavra_aleatoria}</var>
<arg>${palavra_aleatoria}</arg>
<doc>Converts string to lower case.</doc>
<status status="PASS" start="2024-04-21T00:36:39.568432" elapsed="0.000000"/>
</kw>
<kw name="Set Test Variable" owner="BuiltIn">
<msg time="2024-04-21T00:36:39.571432" level="INFO">${EMAIL_TESTE} = tmmx@emailteste.com</msg>
<arg>${EMAIL_TESTE}</arg>
<arg>${palavra_aleatoria}@emailteste.com</arg>
<doc>Makes a variable available everywhere within the scope of the current test.</doc>
<status status="PASS" start="2024-04-21T00:36:39.568432" elapsed="0.003000"/>
</kw>
<kw name="Log" owner="BuiltIn">
<msg time="2024-04-21T00:36:39.571432" level="INFO">tmmx@emailteste.com</msg>
<arg>${EMAIL_TESTE}</arg>
<doc>Logs the given message with the given level.</doc>
<status status="PASS" start="2024-04-21T00:36:39.571432" elapsed="0.001000"/>
</kw>
<status status="PASS" start="2024-04-21T00:36:39.563790" elapsed="0.008642"/>
</kw>
<kw name="Cadastrar o usuário criado na ServeRest" owner="api_testing_usuarios">
<kw name="Create Dictionary" owner="BuiltIn">
<msg time="2024-04-21T00:36:39.574434" level="INFO">${body} = {'nome': 'Banquela', 'email': 'email=tmmx@emailteste.com', 'password': '1234', 'administrador': 'true'}</msg>
<var>${body}</var>
<arg>nome=Banquela</arg>
<arg>email=${EMAIL_TESTE}</arg>
<arg>password=1234</arg>
<arg>administrador=true</arg>
<doc>Creates and returns a dictionary based on the given ``items``.</doc>
<status status="PASS" start="2024-04-21T00:36:39.573434" elapsed="0.001000"/>
</kw>
<kw name="Log" owner="BuiltIn">
<msg time="2024-04-21T00:36:39.575430" level="INFO">{'nome': 'Banquela', 'email': 'email=tmmx@emailteste.com', 'password': '1234', 'administrador': 'true'}</msg>
<arg>${body}</arg>
<doc>Logs the given message with the given level.</doc>
<status status="PASS" start="2024-04-21T00:36:39.574434" elapsed="0.000996"/>
</kw>
<kw name="Criar Sessão na ServeRest" owner="api_testing_usuarios">
<kw name="Create Dictionary" owner="BuiltIn">
<msg time="2024-04-21T00:36:39.576463" level="INFO">${headers} = {'accept': 'application/json', 'Content-Type': 'application/json'}</msg>
<var>${headers}</var>
<arg>accept=application/json</arg>
<arg>Content-Type=application/json</arg>
<doc>Creates and returns a dictionary based on the given ``items``.</doc>
<status status="PASS" start="2024-04-21T00:36:39.575430" elapsed="0.001033"/>
</kw>
<kw name="Create Session" owner="RequestsLibrary">
<msg time="2024-04-21T00:36:39.576463" level="INFO">Creating Session using : alias=ServeRest, url=https://serverest.dev, headers={},                     cookies={}, auth=None, timeout=None, proxies=None, verify=False,                     debug=0 </msg>
<arg>alias=ServeRest</arg>
<arg>url=https://serverest.dev</arg>
<doc>Create Session: create a HTTP session to a server</doc>
<status status="PASS" start="2024-04-21T00:36:39.576463" elapsed="0.000000"/>
</kw>
<status status="PASS" start="2024-04-21T00:36:39.575430" elapsed="0.001033"/>
</kw>
<kw name="POST On Session" owner="RequestsLibrary">
<msg time="2024-04-21T00:36:40.091922" level="INFO">POST Request : url=https://serverest.dev/usuarios 
 path_url=/usuarios 
 headers={'User-Agent': 'python-requests/2.31.0', 'Accept-Encoding': 'gzip, deflate', 'Accept': '*/*', 'Connection': 'keep-alive', 'Content-Length': '103', 'Content-Type': 'application/json'} 
 body=b'{"nome": "Banquela", "email": "email=tmmx@emailteste.com", "password": "1234", "administrador": "true"}' 
 </msg>
<msg time="2024-04-21T00:36:40.092922" level="INFO">POST Response : url=https://serverest.dev/usuarios 
 status=201, reason=Created 
 headers={'access-control-allow-origin': '*', 'x-dns-prefetch-control': 'off', 'x-frame-options': 'SAMEORIGIN', 'strict-transport-security': 'max-age=15552000; includeSubDomains', 'x-download-options': 'noopen', 'x-content-type-options': 'nosniff', 'x-xss-protection': '1; mode=block', 'content-type': 'application/json; charset=utf-8', 'X-Cloud-Trace-Context': '0b8092f5c6c9110f77d06c3cfce9889c;o=1', 'Date': 'Sun, 21 Apr 2024 03:37:09 GMT', 'Server': 'Google Frontend', 'Content-Length': '82'} 
 body={
    "message": "Cadastro realizado com sucesso",
    "_id": "pPMAVMylRuaqpCv1"
} 
 </msg>
<msg time="2024-04-21T00:36:40.093921" level="INFO">C:\Users\MarcelleSantos\AppData\Local\Programs\Python\Python312\Lib\site-packages\urllib3\connectionpool.py:1103: InsecureRequestWarning: Unverified HTTPS request is being made to host 'serverest.dev'. Adding certificate verification is strongly advised. See: https://urllib3.readthedocs.io/en/latest/advanced-usage.html#tls-warnings
  warnings.warn(</msg>
<msg time="2024-04-21T00:36:40.095921" level="INFO">${resposta} = &lt;Response [201]&gt;</msg>
<var>${resposta}</var>
<arg>alias=ServeRest</arg>
<arg>url=/usuarios</arg>
<arg>json=${body}</arg>
<arg>expected_status=${status_code_desejado}</arg>
<doc>Sends a POST request on a previously created HTTP Session.</doc>
<status status="PASS" start="2024-04-21T00:36:39.576463" elapsed="0.519458"/>
</kw>
<kw name="Log" owner="BuiltIn">
<msg time="2024-04-21T00:36:40.096924" level="INFO">{'message': 'Cadastro realizado com sucesso', '_id': 'pPMAVMylRuaqpCv1'}</msg>
<arg>${resposta.json()}</arg>
<doc>Logs the given message with the given level.</doc>
<status status="PASS" start="2024-04-21T00:36:40.095921" elapsed="0.001003"/>
</kw>
<if>
<branch type="IF" condition="${resposta.status_code} == 201">
<kw name="Set Test Variable" owner="BuiltIn">
<msg time="2024-04-21T00:36:40.100928" level="INFO">${ID_USUARIO} = pPMAVMylRuaqpCv1</msg>
<arg>${ID_USUARIO}</arg>
<arg>${resposta.json()["_id"]}</arg>
<doc>Makes a variable available everywhere within the scope of the current test.</doc>
<status status="PASS" start="2024-04-21T00:36:40.098923" elapsed="0.002999"/>
</kw>
<status status="PASS" start="2024-04-21T00:36:40.097925" elapsed="0.003997"/>
</branch>
<status status="PASS" start="2024-04-21T00:36:40.097925" elapsed="0.003997"/>
</if>
<kw name="Set Test Variable" owner="BuiltIn">
<msg time="2024-04-21T00:36:40.102922" level="INFO">${RESPOSTA} = {'message': 'Cadastro realizado com sucesso', '_id': 'pPMAVMylRuaqpCv1'}</msg>
<arg>${RESPOSTA}</arg>
<arg>${resposta.json()}</arg>
<doc>Makes a variable available everywhere within the scope of the current test.</doc>
<status status="PASS" start="2024-04-21T00:36:40.101922" elapsed="0.001000"/>
</kw>
<arg>email=${EMAIL_TESTE}</arg>
<arg>status_code_desejado=201</arg>
<status status="PASS" start="2024-04-21T00:36:39.573434" elapsed="0.529488"/>
</kw>
<kw name="Realizar Login com o usuário" owner="api_testing_usuarios">
<kw name="Create Dictionary" owner="BuiltIn">
<msg time="2024-04-21T00:36:40.105924" level="INFO">${body} = {'email': 'tmmx@emailteste.com', 'password': '1234'}</msg>
<var>${body}</var>
<arg>email=${EMAIL_TESTE}</arg>
<arg>password=1234</arg>
<doc>Creates and returns a dictionary based on the given ``items``.</doc>
<status status="PASS" start="2024-04-21T00:36:40.104921" elapsed="0.001003"/>
</kw>
<status status="PASS" start="2024-04-21T00:36:40.104921" elapsed="0.001998"/>
</kw>
<kw name="Conferir se o Login ocorreu com sucesso" owner="api_testing_usuarios">
<kw name="Log" owner="BuiltIn">
<msg time="2024-04-21T00:36:40.107920" level="INFO">{'message': 'Cadastro realizado com sucesso', '_id': 'pPMAVMylRuaqpCv1'}</msg>
<arg>${RESPOSTA}</arg>
<doc>Logs the given message with the given level.</doc>
<status status="PASS" start="2024-04-21T00:36:40.107920" elapsed="0.000000"/>
</kw>
<kw name="Dictionary Should Contain Item" owner="Collections">
<msg time="2024-04-21T00:36:40.108921" level="INFO">False
False</msg>
<arg>${RESPOSTA}</arg>
<arg>message</arg>
<arg>Cadastro realizado com sucesso</arg>
<doc>An item of ``key`` / ``value`` must be found in a ``dictionary``.</doc>
<status status="PASS" start="2024-04-21T00:36:40.108921" elapsed="0.000998"/>
</kw>
<kw name="Dictionary Should Contain Key" owner="Collections">
<msg time="2024-04-21T00:36:40.109919" level="INFO">False</msg>
<msg time="2024-04-21T00:36:40.110920" level="FAIL">Dictionary does not contain key 'authorization'.</msg>
<arg>${RESPOSTA}</arg>
<arg>authorization</arg>
<doc>Fails if ``key`` is not found from ``dictionary``.</doc>
<status status="FAIL" start="2024-04-21T00:36:40.109919" elapsed="0.004008">Dictionary does not contain key 'authorization'.</status>
</kw>
<status status="FAIL" start="2024-04-21T00:36:40.107920" elapsed="0.007001">Dictionary does not contain key 'authorization'.</status>
</kw>
<status status="FAIL" start="2024-04-21T00:36:39.562765" elapsed="0.553158">Dictionary does not contain key 'authorization'.</status>
</test>
<status status="FAIL" start="2024-04-21T00:36:39.412501" elapsed="0.705422"/>
</suite>
<statistics>
<total>
<stat pass="0" fail="1" skip="0">All Tests</stat>
</total>
<tag>
</tag>
<suite>
<stat pass="0" fail="1" skip="0" id="s1" name="Api Testing Usuarios">Api Testing Usuarios</stat>
</suite>
</statistics>
<errors>
</errors>
</robot>
