<?xml version="1.0" encoding="UTF-8"?>
<robot generator="Robot 7.0 (Python 3.12.3 on win32)" generated="2024-04-19T21:26:57.797960" rpa="false" schemaversion="5">
<suite id="s1" name="Desafio Keywords Retorno" source="C:\Users\MarcelleSantos\Desktop\cursoRobotUdemy\robotFramework\Desafio 04\desafio_keywords_retorno.robot">
<test id="s1-t1" name="Imprimindo um e-mail customizado e aleatório" line="8">
<kw name="Criar e-mail customizado e aleatório">
<kw name="Generate Random String" owner="String">
<msg time="2024-04-19T21:26:57.859082" level="INFO">${ALEATORIA} = 1RE5A1jw</msg>
<var>${ALEATORIA}</var>
<doc>Generates a string with a desired ``length`` from the given ``chars``.</doc>
<status status="PASS" start="2024-04-19T21:26:57.859082" elapsed="0.000000"/>
</kw>
<kw name="Set Variable" owner="BuiltIn">
<msg time="2024-04-19T21:26:57.859082" level="INFO">${EMAIL_FINAL} = MarcelleFernandes1RE5A1jw@testerobot.com</msg>
<var>${EMAIL_FINAL}</var>
<arg>${NOME}${SOBRENOME}${ALEATORIA}@testerobot.com</arg>
<doc>Returns the given values which can then be assigned to a variables.</doc>
<status status="PASS" start="2024-04-19T21:26:57.859082" elapsed="0.000000"/>
</kw>
<return>
<value>${EMAIL_FINAL}</value>
<status status="PASS" start="2024-04-19T21:26:57.859082" elapsed="0.000000"/>
</return>
<msg time="2024-04-19T21:26:57.860080" level="INFO">${EMAIL_CRIADO} = MarcelleFernandes1RE5A1jw@testerobot.com</msg>
<var>${EMAIL_CRIADO}</var>
<arg>${PESSOA.nome}</arg>
<arg>${PESSOA.sobrenome}</arg>
<status status="PASS" start="2024-04-19T21:26:57.858081" elapsed="0.001999"/>
</kw>
<kw name="Log To Console" owner="BuiltIn">
<arg>${EMAIL_CRIADO}</arg>
<doc>Logs the given message to the console.</doc>
<status status="PASS" start="2024-04-19T21:26:57.860080" elapsed="0.000000"/>
</kw>
<status status="PASS" start="2024-04-19T21:26:57.857124" elapsed="0.003956"/>
</test>
<status status="PASS" start="2024-04-19T21:26:57.799961" elapsed="0.061119"/>
</suite>
<statistics>
<total>
<stat pass="1" fail="0" skip="0">All Tests</stat>
</total>
<tag>
</tag>
<suite>
<stat pass="1" fail="0" skip="0" id="s1" name="Desafio Keywords Retorno">Desafio Keywords Retorno</stat>
</suite>
</statistics>
<errors>
<msg time="2024-04-19T21:26:57.788521" level="WARN">Error in file 'C:\Users\MarcelleSantos\Desktop\cursoRobotUdemy\robotFramework\Desafio 04\desafio_keywords_retorno.robot' on line 18: The '[Return]' setting is deprecated. Use the 'RETURN' statement instead.</msg>
</errors>
</robot>
